<?xml version="1.0" encoding="UTF-8" ?>
<testsuite errors="0" skipped="0" tests="1" time="0.02" failures="0" name="org.sura.test.AppTest">
  <properties>
    <property value="Apple Inc." name="java.vendor"/>
    <property value="/Users/bermudez/.m2/repository" name="localRepository"/>
    <property value="SUN_STANDARD" name="sun.java.launcher"/>
    <property value="HotSpot Client Compiler" name="sun.management.compiler"/>
    <property value="1194a40" name="env.SECURITYSESSIONID"/>
    <property value="Mac OS X" name="os.name"/>
    <property value="/System/Library/Frameworks/JavaVM.framework/Versions/1.5.0/Classes/jsfd.jar:/System/Library/Frameworks/JavaVM.framework/Versions/1.5.0/Classes/classes.jar:/System/Library/Frameworks/JavaVM.framework/Versions/1.5.0/Classes/ui.jar:/System/Library/Frameworks/JavaVM.framework/Versions/1.5.0/Classes/laf.jar:/System/Library/Frameworks/JavaVM.framework/Versions/1.5.0/Classes/sunrsasign.jar:/System/Library/Frameworks/JavaVM.framework/Versions/1.5.0/Classes/jsse.jar:/System/Library/Frameworks/JavaVM.framework/Versions/1.5.0/Classes/jce.jar:/System/Library/Frameworks/JavaVM.framework/Versions/1.5.0/Classes/charsets.jar" name="sun.boot.class.path"/>
    <property value="/var/folders/nR/nRE7n4An2RagbE+BYpWsW++++TU/-Tmp-/" name="env.TMPDIR"/>
    <property value="Sun Microsystems Inc." name="java.vm.specification.vendor"/>
    <property value="1.5.0_20-b02-315" name="java.runtime.version"/>
    <property value="/tmp/launch-2G8BFi/Render" name="env.Apple_PubSub_Socket_Render"/>
    <property value="/tmp/launch-9itTjC/:0" name="env.DISPLAY"/>
    <property value="bermudez" name="user.name"/>
    <property value="bermudez" name="env.USER"/>
    <property value="/bin/bash" name="env.SHELL"/>
    <property value="0x1F8:0:0" name="env.__CF_USER_TEXT_ENCODING"/>
    <property value="true" name="awt.nativeDoubleBuffering"/>
    <property value="/usr/bin:/bin:/usr/sbin:/sbin" name="env.PATH"/>
    <property value="en" name="user.language"/>
    <property value="../Resources/Eclipse.icns" name="env.APP_ICON_10180"/>
    <property value="/System/Library/Frameworks/JavaVM.framework/Versions/1.5.0/Libraries" name="sun.boot.library.path"/>
    <property value="/Users/bermudez/Documents/workspace_maven/.metadata/.plugins/org.maven.ide.eclipse/launches/m2conf49344027325994452.tmp" name="classworlds.conf"/>
    <property value="1.5.0_20" name="java.version"/>
    <property value="1" name="env.JAVA_STARTED_ON_FIRST_THREAD_10180"/>
    <property value="" name="user.timezone"/>
    <property value="32" name="sun.arch.data.model"/>
    <property value="local|*.local|169.254/16|*.169.254/16" name="http.nonProxyHosts"/>
    <property value="/System/Library/Frameworks/JavaVM.framework/Versions/1.5.0/Home/lib/endorsed" name="java.endorsed.dirs"/>
    <property value="" name="sun.cpu.isalist"/>
    <property value="MacRoman" name="sun.jnu.encoding"/>
    <property value="sun.io" name="file.encoding.pkg"/>
    <property value="/" name="file.separator"/>
    <property value="Java Platform API Specification" name="java.specification.name"/>
    <property value="49.0" name="java.class.version"/>
    <property value="US" name="user.country"/>
    <property value="/System/Library/Frameworks/JavaVM.framework/Versions/1.5.0/Home" name="java.home"/>
    <property value="mixed mode, sharing" name="java.vm.info"/>
    <property value="bermudez" name="env.LOGNAME"/>
    <property value="10.5.8" name="os.version"/>
    <property value=":" name="path.separator"/>
    <property value="1.5.0_20-141" name="java.vm.version"/>
    <property value="apple.awt.CPrinterJob" name="java.awt.printerjob"/>
    <property value="UnicodeLittle" name="sun.io.unicode.encoding"/>
    <property value="apple.awt.CToolkit" name="awt.toolkit"/>
    <property value="local|*.local|169.254/16|*.169.254/16" name="socksNonProxyHosts"/>
    <property value="org.codehaus.classworlds.Launcher" name="env.JAVA_MAIN_CLASS_10375"/>
    <property value="local|*.local|169.254/16|*.169.254/16" name="ftp.nonProxyHosts"/>
    <property value="/Users/bermudez" name="user.home"/>
    <property value="Sun Microsystems Inc." name="java.specification.vendor"/>
    <property value=".:/Library/Java/Extensions:/System/Library/Java/Extensions:/usr/lib/java" name="java.library.path"/>
    <property value="http://www.apple.com/" name="java.vendor.url"/>
    <property value="Apple Inc." name="java.vm.vendor"/>
    <property value="false" name="gopherProxySet"/>
    <property value="EMBEDDED" name="maven.home"/>
    <property value="Java(TM) 2 Runtime Environment, Standard Edition" name="java.runtime.name"/>
    <property value="/Applications/Eclipse_Galileo/eclipse/plugins/org.maven.ide.components.maven_embedder_2.1.0.20080530-2300/jars/plexus-classworlds-1.2-alpha-12.jar" name="java.class.path"/>
    <property value="Java Virtual Machine Specification" name="java.vm.specification.name"/>
    <property value="1.0" name="java.vm.specification.version"/>
    <property value="/Users/bermudez/Documents/workspace_maven/.metadata/.plugins/org.maven.ide.eclipse/workspacestate.properties" name="m2eclipse.workspace.state"/>
    <property value="little" name="sun.cpu.endian"/>
    <property value="unknown" name="sun.os.patch.level"/>
    <property value="/Users/bermudez" name="env.HOME"/>
    <property value="/Users/bermudez/Documents/workspace_maven/test/target/test-classes:/Users/bermudez/Documents/workspace_maven/test/target/classes:/Users/bermudez/.m2/repository/junit/junit/3.8.1/junit-3.8.1.jar:/Users/bermudez/.m2/repository/com/hp/hpl/jena/jena/2.6.2/jena-2.6.2.jar:/Users/bermudez/.m2/repository/com/hp/hpl/jena/iri/0.7/iri-0.7.jar:/Users/bermudez/.m2/repository/com/ibm/icu/icu4j/3.4.4/icu4j-3.4.4.jar:/Users/bermudez/.m2/repository/org/slf4j/slf4j-api/1.5.6/slf4j-api-1.5.6.jar:/Users/bermudez/.m2/repository/xerces/xercesImpl/2.7.1/xercesImpl-2.7.1.jar:/Users/bermudez/.m2/repository/org/slf4j/slf4j-log4j12/1.5.6/slf4j-log4j12-1.5.6.jar:/Users/bermudez/.m2/repository/log4j/log4j/1.2.13/log4j-1.2.13.jar:/Users/bermudez/.m2/repository/com/hp/hpl/jena/arq/2.8.1/arq-2.8.1.jar:/Users/bermudez/.m2/repository/org/codehaus/woodstox/wstx-asl/3.2.9/wstx-asl-3.2.9.jar:/Users/bermudez/.m2/repository/stax/stax-api/1.0.1/stax-api-1.0.1.jar:/Users/bermudez/.m2/repository/org/apache/lucene/lucene-core/2.3.1/lucene-core-2.3.1.jar:" name="surefire.test.class.path"/>
    <property value="/var/folders/nR/nRE7n4An2RagbE+BYpWsW++++TU/-Tmp-/" name="java.io.tmpdir"/>
    <property value="http://bugreport.apple.com/" name="java.vendor.url.bug"/>
    <property value="/tmp/launch-j07KAN/Listeners" name="env.SSH_AUTH_SOCK"/>
    <property value="unix2003" name="env.COMMAND_MODE"/>
    <property value="i386" name="os.arch"/>
    <property value="apple.awt.CGraphicsEnvironment" name="java.awt.graphicsenv"/>
    <property value="/Library/Java/Extensions:/System/Library/Java/Extensions:/System/Library/Frameworks/JavaVM.framework/Versions/1.5.0/Home/lib/ext" name="java.ext.dirs"/>
    <property value="/Users/bermudez/Documents/workspace_maven/test" name="user.dir"/>
    <property value="1050.1.5.0_20-315" name="mrj.version"/>
    <property value="
" name="line.separator"/>
    <property value="Java HotSpot(TM) Client VM" name="java.vm.name"/>
    <property value="/Users/bermudez/Documents/workspace_maven/test" name="basedir"/>
    <property value="true" name="maven.mode.standalone"/>
    <property value="MacRoman" name="file.encoding"/>
    <property value="/Users/bermudez/java/grails-1.0.1" name="env.GRAILS_HOME"/>
    <property value="1.5" name="java.specification.version"/>
  </properties>
  <testcase classname="org.sura.test.AppTest" time="0.004" name="testApp"/>
</testsuite>